<?xml version="1.0" encoding="UTF-8"?>
<robot generator="Robot 3.1.2 (Python 3.8.0 on win32)" generated="20191115 10:41:36.545" rpa="false">
<suite id="s1" name="Suites">
<suite id="s1-s1" name="LoginTest" source="D:\RobotFramework\POM_RF\TestCases\LoginTest.robot">
<test id="s1-s1-t1" name="Login Test">
<kw name="Open My Browser" library="LoginKeywords">
<arguments>
<arg>${siteUrl}</arg>
<arg>${browser}</arg>
</arguments>
<kw name="Open Browser" library="SeleniumLibrary">
<doc>Opens a new browser instance to the optional ``url``.</doc>
<arguments>
<arg>${siteUrl}</arg>
<arg>${browser}</arg>
</arguments>
<msg timestamp="20191115 10:41:37.180" level="INFO">Opening browser 'chrome' to base url 'http://newtours.demoaut.com/'.</msg>
<status status="PASS" starttime="20191115 10:41:37.180" endtime="20191115 10:41:46.714"></status>
</kw>
<kw name="Maximize Browser Window" library="SeleniumLibrary">
<doc>Maximizes current browser window.</doc>
<status status="PASS" starttime="20191115 10:41:46.714" endtime="20191115 10:41:51.072"></status>
</kw>
<status status="PASS" starttime="20191115 10:41:37.175" endtime="20191115 10:41:51.072"></status>
</kw>
<kw name="Enter User Name" library="LoginKeywords">
<arguments>
<arg>${user}</arg>
</arguments>
<kw name="Input Text" library="SeleniumLibrary">
<doc>Types the given ``text`` into the text field identified by ``locator``.</doc>
<arguments>
<arg>${text_loginUserName}</arg>
<arg>${userName}</arg>
</arguments>
<msg timestamp="20191115 10:41:51.076" level="INFO">Typing text 'tutorial' into text field 'name:userName'.</msg>
<status status="PASS" starttime="20191115 10:41:51.072" endtime="20191115 10:41:51.601"></status>
</kw>
<status status="PASS" starttime="20191115 10:41:51.072" endtime="20191115 10:41:51.601"></status>
</kw>
<kw name="Enter Password" library="LoginKeywords">
<arguments>
<arg>${pwd}</arg>
</arguments>
<kw name="Input Text" library="SeleniumLibrary">
<doc>Types the given ``text`` into the text field identified by ``locator``.</doc>
<arguments>
<arg>${txt_loginPassword}</arg>
<arg>${password}</arg>
</arguments>
<msg timestamp="20191115 10:41:51.601" level="INFO">Typing text 'tutorial' into text field 'name:password'.</msg>
<status status="PASS" starttime="20191115 10:41:51.601" endtime="20191115 10:41:52.062"></status>
</kw>
<status status="PASS" starttime="20191115 10:41:51.601" endtime="20191115 10:41:52.062"></status>
</kw>
<kw name="Click SignIn" library="LoginKeywords">
<kw name="Click Button" library="SeleniumLibrary">
<doc>Clicks the button identified by ``locator``.</doc>
<arguments>
<arg>${btn_signIn}</arg>
</arguments>
<msg timestamp="20191115 10:41:52.062" level="INFO">Clicking button 'xpath://input[@name='login']'.</msg>
<status status="PASS" starttime="20191115 10:41:52.062" endtime="20191115 10:41:58.008"></status>
</kw>
<status status="PASS" starttime="20191115 10:41:52.062" endtime="20191115 10:41:58.008"></status>
</kw>
<kw name="Sleep" library="BuiltIn">
<doc>Pauses the test executed for the given time.</doc>
<arguments>
<arg>2</arg>
</arguments>
<msg timestamp="20191115 10:42:00.013" level="INFO">Slept 2 seconds</msg>
<status status="PASS" starttime="20191115 10:41:58.008" endtime="20191115 10:42:00.013"></status>
</kw>
<kw name="Verify Successfull Login" library="LoginKeywords">
<kw name="Title Should Be" library="SeleniumLibrary">
<doc>Verifies that the current page title equals ``title``.</doc>
<arguments>
<arg>Find a Flight: Mercury Tours:</arg>
</arguments>
<msg timestamp="20191115 10:42:00.023" level="INFO">Page title is 'Find a Flight: Mercury Tours:'.</msg>
<status status="PASS" starttime="20191115 10:42:00.013" endtime="20191115 10:42:00.023"></status>
</kw>
<status status="PASS" starttime="20191115 10:42:00.013" endtime="20191115 10:42:00.023"></status>
</kw>
<kw name="Close My Browsers" library="LoginKeywords">
<kw name="Close All Browsers" library="SeleniumLibrary">
<doc>Closes all open browsers and resets the browser cache.</doc>
<status status="PASS" starttime="20191115 10:42:00.023" endtime="20191115 10:42:02.584"></status>
</kw>
<status status="PASS" starttime="20191115 10:42:00.023" endtime="20191115 10:42:02.584"></status>
</kw>
<status status="PASS" starttime="20191115 10:41:37.175" endtime="20191115 10:42:02.584" critical="yes"></status>
</test>
<status status="PASS" starttime="20191115 10:41:36.635" endtime="20191115 10:42:02.584"></status>
</suite>
<status status="PASS" starttime="20191115 10:41:36.550" endtime="20191115 10:42:02.594"></status>
</suite>
<statistics>
<total>
<stat pass="1" fail="0">Critical Tests</stat>
<stat pass="1" fail="0">All Tests</stat>
</total>
<tag>
</tag>
<suite>
<stat pass="1" fail="0" id="s1" name="Suites">Suites</stat>
<stat pass="1" fail="0" id="s1-s1" name="LoginTest">Suites.LoginTest</stat>
</suite>
</statistics>
<errors>
</errors>
</robot>
